# JRE version: 7.0_07-b11
# Java VM: Java HotSpot(TM) Client VM (23.3-b01 mixed mode windows-x86 )
Heap
 def new generation   total 4928K, used 731K [0x03750000, 0x03ca0000, 0x08ca0000)
  eden space 4416K,  10% used [0x03750000, 0x037bef78, 0x03ba0000)
  from space 512K,  56% used [0x03ba0000, 0x03be7ef0, 0x03c20000)
  to   space 512K,   0% used [0x03c20000, 0x03c20000, 0x03ca0000)
 tenured generation   total 10944K, used 1554K [0x08ca0000, 0x09750000, 0x13750000)
   the space 10944K,  14% used [0x08ca0000, 0x08e24be8, 0x08e24c00, 0x09750000)
 compacting perm gen  total 12288K, used 7690K [0x13750000, 0x14350000, 0x17750000)
   the space 12288K,  62% used [0x13750000, 0x13ed28b8, 0x13ed2a00, 0x14350000)
GC Heap History (4 events):
Event: 68.934 GC heap before
{Heap before GC invocations=0 (full 0):
 def new generation   total 4928K, used 4416K [0x03750000, 0x03ca0000, 0x08ca0000)
  eden space 4416K, 100% used [0x03750000, 0x03ba0000, 0x03ba0000)
  from space 512K,   0% used [0x03ba0000, 0x03ba0000, 0x03c20000)
  to   space 512K,   0% used [0x03c20000, 0x03c20000, 0x03ca0000)
 tenured generation   total 10944K, used 0K [0x08ca0000, 0x09750000, 0x13750000)
   the space 10944K,   0% used [0x08ca0000, 0x08ca0000, 0x08ca0200, 0x09750000)
 compacting perm gen  total 12288K, used 7312K [0x13750000, 0x14350000, 0x17750000)
   the space 12288K,  59% used [0x13750000, 0x13e741c8, 0x13e74200, 0x14350000)
No shared spaces configured.
Event: 68.954 GC heap after
Heap after GC invocations=1 (full 0):
 def new generation   total 4928K, used 512K [0x03750000, 0x03ca0000, 0x08ca0000)
  eden space 4416K,   0% used [0x03750000, 0x03750000, 0x03ba0000)
  from space 512K, 100% used [0x03c20000, 0x03ca0000, 0x03ca0000)
  to   space 512K,   0% used [0x03ba0000, 0x03ba0000, 0x03c20000)
 tenured generation   total 10944K, used 1044K [0x08ca0000, 0x09750000, 0x13750000)
   the space 10944K,   9% used [0x08ca0000, 0x08da52c8, 0x08da5400, 0x09750000)
 compacting perm gen  total 12288K, used 7312K [0x13750000, 0x14350000, 0x17750000)
   the space 12288K,  59% used [0x13750000, 0x13e741c8, 0x13e74200, 0x14350000)
No shared spaces configured.
}
Event: 397.313 GC heap before
{Heap before GC invocations=1 (full 0):
 def new generation   total 4928K, used 4928K [0x03750000, 0x03ca0000, 0x08ca0000)
  eden space 4416K, 100% used [0x03750000, 0x03ba0000, 0x03ba0000)
  from space 512K, 100% used [0x03c20000, 0x03ca0000, 0x03ca0000)
  to   space 512K,   0% used [0x03ba0000, 0x03ba0000, 0x03c20000)
 tenured generation   total 10944K, used 1044K [0x08ca0000, 0x09750000, 0x13750000)
   the space 10944K,   9% used [0x08ca0000, 0x08da52c8, 0x08da5400, 0x09750000)
 compacting perm gen  total 12288K, used 7690K [0x13750000, 0x14350000, 0x17750000)
   the space 12288K,  62% used [0x13750000, 0x13ed28b8, 0x13ed2a00, 0x14350000)
No shared spaces configured.
Event: 397.328 GC heap after
Heap after GC invocations=2 (full 0):
 def new generation   total 4928K, used 287K [0x03750000, 0x03ca0000, 0x08ca0000)
  eden space 4416K,   0% used [0x03750000, 0x03750000, 0x03ba0000)
  from space 512K,  56% used [0x03ba0000, 0x03be7ef0, 0x03c20000)
  to   space 512K,   0% used [0x03c20000, 0x03c20000, 0x03ca0000)
 tenured generation   total 10944K, used 1554K [0x08ca0000, 0x09750000, 0x13750000)
   the space 10944K,  14% used [0x08ca0000, 0x08e24be8, 0x08e24c00, 0x09750000)
 compacting perm gen  total 12288K, used 7690K [0x13750000, 0x14350000, 0x17750000)
   the space 12288K,  62% used [0x13750000, 0x13ed28b8, 0x13ed2a00, 0x14350000)
No shared spaces configured.
}

